0 info it worked if it ends with ok
1 verbose cli [ 'C:\\Program Files (x86)\\Nodejs\\\\node.exe',
1 verbose cli   'C:\\Program Files (x86)\\Nodejs\\node_modules\\npm\\bin\\npm-cli.js',
1 verbose cli   'install' ]
2 info using npm@2.11.3
3 info using node@v0.12.7
4 verbose readDependencies loading dependencies from D:\EasyLab\Angular\package.json
5 warn package.json Angular@0.0.0 No repository field.
6 verbose install where, deps [ 'D:\\EasyLab\\Angular',
6 verbose install   [ 'bcryptjs',
6 verbose install     'body-parser',
6 verbose install     'bower',
6 verbose install     'client-sessions',
6 verbose install     'compression',
6 verbose install     'connect-flash',
6 verbose install     'cookie-parser',
6 verbose install     'crypto',
6 verbose install     'csurf',
6 verbose install     'express',
6 verbose install     'express-session',
6 verbose install     'method-override',
6 verbose install     'mongodb',
6 verbose install     'mongoose',
6 verbose install     'mongoose-auto-increment',
6 verbose install     'mongoose-middleware',
6 verbose install     'morgan',
6 verbose install     'passport',
6 verbose install     'passport-local',
6 verbose install     'vash' ] ]
7 verbose install where, peers [ 'D:\\EasyLab\\Angular', [] ]
8 verbose installManyTop reading for lifecycle D:\EasyLab\Angular\package.json
9 info preinstall Angular@0.0.0
10 verbose installManyTop reading scoped package data from D:\EasyLab\Angular\node_modules\bcryptjs\package.json
11 verbose installManyTop reading scoped package data from D:\EasyLab\Angular\node_modules\body-parser\package.json
12 verbose installManyTop reading scoped package data from D:\EasyLab\Angular\node_modules\bower\package.json
13 verbose installManyTop reading scoped package data from D:\EasyLab\Angular\node_modules\client-sessions\package.json
14 verbose installManyTop reading scoped package data from D:\EasyLab\Angular\node_modules\compression\package.json
15 verbose installManyTop reading scoped package data from D:\EasyLab\Angular\node_modules\connect-flash\package.json
16 verbose installManyTop reading scoped package data from D:\EasyLab\Angular\node_modules\cookie-parser\package.json
17 verbose installManyTop reading scoped package data from D:\EasyLab\Angular\node_modules\crypto\package.json
18 verbose installManyTop reading scoped package data from D:\EasyLab\Angular\node_modules\csurf\package.json
19 verbose installManyTop reading scoped package data from D:\EasyLab\Angular\node_modules\express\package.json
20 verbose installManyTop reading scoped package data from D:\EasyLab\Angular\node_modules\express-session\package.json
21 verbose installManyTop reading scoped package data from D:\EasyLab\Angular\node_modules\method-override\package.json
22 verbose installManyTop reading scoped package data from D:\EasyLab\Angular\node_modules\mongodb\package.json
23 verbose installManyTop reading scoped package data from D:\EasyLab\Angular\node_modules\mongoose\package.json
24 verbose installManyTop reading scoped package data from D:\EasyLab\Angular\node_modules\mongoose-auto-increment\package.json
25 verbose installManyTop reading scoped package data from D:\EasyLab\Angular\node_modules\mongoose-middleware\package.json
26 verbose installManyTop reading scoped package data from D:\EasyLab\Angular\node_modules\morgan\package.json
27 verbose installManyTop reading scoped package data from D:\EasyLab\Angular\node_modules\passport\package.json
28 verbose installManyTop reading scoped package data from D:\EasyLab\Angular\node_modules\passport-local\package.json
29 verbose installManyTop reading scoped package data from D:\EasyLab\Angular\node_modules\vash\package.json
30 info package.json client-sessions@0.7.0 No license field.
31 info package.json connect-flash@0.1.1 No license field.
32 info package.json mongodb@1.4.39 No license field.
33 info package.json mongoose-auto-increment@3.2.4 No license field.
34 info package.json mongoose-middleware@0.2.12 No license field.
35 info package.json vash@0.7.12-1 No license field.
36 info package.json passport-local@1.0.0 No license field.
37 info package.json crypto@0.0.3 crypto is also the name of a node core module.
38 info package.json crypto@0.0.3 No license field.
39 verbose readDependencies loading dependencies from D:\EasyLab\Angular\package.json
40 verbose targetResolver reading package data from D:\EasyLab\Angular\node_modules\bcryptjs\package.json
41 verbose targetResolver reading package data from D:\EasyLab\Angular\node_modules\body-parser\package.json
42 verbose targetResolver reading package data from D:\EasyLab\Angular\node_modules\bower\package.json
43 verbose targetResolver reading package data from D:\EasyLab\Angular\node_modules\client-sessions\package.json
44 verbose targetResolver reading package data from D:\EasyLab\Angular\node_modules\compression\package.json
45 verbose targetResolver reading package data from D:\EasyLab\Angular\node_modules\connect-flash\package.json
46 verbose targetResolver reading package data from D:\EasyLab\Angular\node_modules\cookie-parser\package.json
47 verbose targetResolver reading package data from D:\EasyLab\Angular\node_modules\crypto\package.json
48 verbose targetResolver reading package data from D:\EasyLab\Angular\node_modules\csurf\package.json
49 verbose targetResolver reading package data from D:\EasyLab\Angular\node_modules\express\package.json
50 verbose targetResolver reading package data from D:\EasyLab\Angular\node_modules\express-session\package.json
51 verbose targetResolver reading package data from D:\EasyLab\Angular\node_modules\method-override\package.json
52 verbose targetResolver reading package data from D:\EasyLab\Angular\node_modules\mongodb\package.json
53 verbose targetResolver reading package data from D:\EasyLab\Angular\node_modules\mongoose\package.json
54 verbose targetResolver reading package data from D:\EasyLab\Angular\node_modules\mongoose-auto-increment\package.json
55 verbose targetResolver reading package data from D:\EasyLab\Angular\node_modules\mongoose-middleware\package.json
56 verbose targetResolver reading package data from D:\EasyLab\Angular\node_modules\morgan\package.json
57 verbose targetResolver reading package data from D:\EasyLab\Angular\node_modules\passport\package.json
58 verbose targetResolver reading package data from D:\EasyLab\Angular\node_modules\passport-local\package.json
59 verbose targetResolver reading package data from D:\EasyLab\Angular\node_modules\vash\package.json
60 verbose targetResolver reading package data from D:\EasyLab\Angular\node_modules\.bin\bower\package.json
61 verbose targetResolver reading package data from D:\EasyLab\Angular\node_modules\.bin\bower.cmd\package.json
62 verbose targetResolver reading package data from D:\EasyLab\Angular\node_modules\.bin\vash\package.json
63 verbose targetResolver reading package data from D:\EasyLab\Angular\node_modules\.bin\vash.cmd\package.json
64 verbose already installed skipping connect-flash@^0.1.1 D:\EasyLab\Angular
65 verbose already installed skipping cookie-parser@^1.3.2 D:\EasyLab\Angular
66 verbose already installed skipping crypto@0.0.3 D:\EasyLab\Angular
67 verbose already installed skipping csurf@^1.6.4 D:\EasyLab\Angular
68 verbose already installed skipping express@4.8.5 D:\EasyLab\Angular
69 verbose already installed skipping express-session@^1.9.3 D:\EasyLab\Angular
70 verbose already installed skipping method-override@^2.3.0 D:\EasyLab\Angular
71 verbose already installed skipping mongodb@^1.4.10 D:\EasyLab\Angular
72 verbose already installed skipping mongoose@~4.2.5 D:\EasyLab\Angular
73 verbose already installed skipping mongoose-auto-increment@^3.2.0 D:\EasyLab\Angular
74 verbose already installed skipping mongoose-middleware@^0.2.10 D:\EasyLab\Angular
75 verbose already installed skipping morgan@^1.5.0 D:\EasyLab\Angular
76 verbose already installed skipping passport@^0.2.1 D:\EasyLab\Angular
77 verbose already installed skipping passport-local@^1.0.0 D:\EasyLab\Angular
78 verbose already installed skipping vash@^0.7.12-1 D:\EasyLab\Angular
79 verbose already installed skipping bcryptjs@^2.1.0 D:\EasyLab\Angular
80 verbose already installed skipping body-parser@^1.7.0 D:\EasyLab\Angular
81 verbose already installed skipping bower@^1.3.12 D:\EasyLab\Angular
82 verbose already installed skipping client-sessions@^0.7.0 D:\EasyLab\Angular
83 verbose already installed skipping compression@^1.2.2 D:\EasyLab\Angular
84 silly install resolved []
85 info build D:\EasyLab\Angular
86 info linkStuff Angular@0.0.0
87 silly linkStuff Angular@0.0.0 has D:\EasyLab as its parent node_modules
88 verbose linkBins Angular@0.0.0
89 verbose linkMans Angular@0.0.0
90 verbose rebuildBundles Angular@0.0.0
91 verbose rebuildBundles [ '.bin',
91 verbose rebuildBundles   'bcryptjs',
91 verbose rebuildBundles   'body-parser',
91 verbose rebuildBundles   'bower',
91 verbose rebuildBundles   'client-sessions',
91 verbose rebuildBundles   'compression',
91 verbose rebuildBundles   'connect-flash',
91 verbose rebuildBundles   'cookie-parser',
91 verbose rebuildBundles   'crypto',
91 verbose rebuildBundles   'csurf',
91 verbose rebuildBundles   'express',
91 verbose rebuildBundles   'express-session',
91 verbose rebuildBundles   'method-override',
91 verbose rebuildBundles   'mongodb',
91 verbose rebuildBundles   'mongoose',
91 verbose rebuildBundles   'mongoose-auto-increment',
91 verbose rebuildBundles   'mongoose-middleware',
91 verbose rebuildBundles   'morgan',
91 verbose rebuildBundles   'passport',
91 verbose rebuildBundles   'passport-local',
91 verbose rebuildBundles   'vash' ]
92 info install Angular@0.0.0
93 info postinstall Angular@0.0.0
94 info prepublish Angular@0.0.0
95 verbose validateInstall loading D:\EasyLab\Angular\package.json for validation
96 verbose stack Error: The package mongoose does not satisfy its siblings' peerDependencies requirements!
96 verbose stack     at C:\Program Files (x86)\Nodejs\node_modules\npm\lib\install.js:125:32
96 verbose stack     at C:\Program Files (x86)\Nodejs\node_modules\npm\lib\install.js:267:7
96 verbose stack     at C:\Program Files (x86)\Nodejs\node_modules\npm\node_modules\read-installed\read-installed.js:138:5
96 verbose stack     at C:\Program Files (x86)\Nodejs\node_modules\npm\node_modules\read-installed\read-installed.js:251:14
96 verbose stack     at cb (C:\Program Files (x86)\Nodejs\node_modules\npm\node_modules\slide\lib\async-map.js:47:24)
96 verbose stack     at C:\Program Files (x86)\Nodejs\node_modules\npm\node_modules\read-installed\read-installed.js:251:14
96 verbose stack     at cb (C:\Program Files (x86)\Nodejs\node_modules\npm\node_modules\slide\lib\async-map.js:47:24)
96 verbose stack     at C:\Program Files (x86)\Nodejs\node_modules\npm\node_modules\read-installed\read-installed.js:251:14
96 verbose stack     at cb (C:\Program Files (x86)\Nodejs\node_modules\npm\node_modules\slide\lib\async-map.js:47:24)
96 verbose stack     at C:\Program Files (x86)\Nodejs\node_modules\npm\node_modules\read-installed\read-installed.js:251:14
97 verbose cwd D:\EasyLab\Angular
98 error Windows_NT 6.3.9600
99 error argv "C:\\Program Files (x86)\\Nodejs\\\\node.exe" "C:\\Program Files (x86)\\Nodejs\\node_modules\\npm\\bin\\npm-cli.js" "install"
100 error node v0.12.7
101 error npm  v2.11.3
102 error code EPEERINVALID
103 error peerinvalid The package mongoose does not satisfy its siblings' peerDependencies requirements!
103 error peerinvalid Peer mongoose-auto-increment@3.2.4 wants mongoose@^3.8.12
104 verbose exit [ 1, true ]
